TN:
SF:src\services\like.service.ts
FN:7,(anonymous_8)
FN:31,(anonymous_10)
FN:44,(anonymous_12)
FN:44,(anonymous_13)
FN:65,(anonymous_14)
FN:65,(anonymous_15)
FN:78,(anonymous_16)
FNF:7
FNH:6
FNDA:1,(anonymous_8)
FNDA:5,(anonymous_10)
FNDA:2,(anonymous_12)
FNDA:2,(anonymous_13)
FNDA:1,(anonymous_14)
FNDA:1,(anonymous_15)
FNDA:0,(anonymous_16)
DA:2,1
DA:4,1
DA:6,1
DA:8,1
DA:28,1
DA:32,5
DA:33,3
DA:36,2
DA:37,2
DA:38,0
DA:41,2
DA:44,2
DA:45,2
DA:51,2
DA:52,1
DA:55,1
DA:62,1
DA:65,1
DA:66,1
DA:67,1
DA:75,1
DA:79,0
DA:80,0
DA:84,0
LF:24
LH:20
BRDA:32,0,0,3
BRDA:32,0,1,2
BRDA:32,1,0,5
BRDA:32,1,1,3
BRDA:32,1,2,3
BRDA:37,2,0,0
BRDA:37,2,1,2
BRDA:51,3,0,1
BRDA:51,3,1,1
BRF:9
BRH:8
end_of_record
TN:
SF:src\services\seguidor.service.ts
FN:6,(anonymous_8)
FN:31,(anonymous_10)
FN:44,(anonymous_12)
FN:44,(anonymous_13)
FN:66,(anonymous_14)
FN:66,(anonymous_15)
FN:81,(anonymous_16)
FNF:7
FNH:6
FNDA:1,(anonymous_8)
FNDA:1,(anonymous_10)
FNDA:3,(anonymous_12)
FNDA:3,(anonymous_13)
FNDA:1,(anonymous_14)
FNDA:1,(anonymous_15)
FNDA:0,(anonymous_16)
DA:1,1
DA:2,1
DA:5,1
DA:7,1
DA:28,1
DA:32,1
DA:33,0
DA:35,1
DA:38,1
DA:39,0
DA:41,1
DA:44,3
DA:45,3
DA:46,1
DA:48,2
DA:54,2
DA:55,1
DA:57,1
DA:63,1
DA:66,1
DA:67,1
DA:68,1
DA:69,0
DA:71,1
DA:78,1
DA:82,0
DA:83,0
DA:88,0
LF:28
LH:22
BRDA:32,0,0,0
BRDA:32,0,1,1
BRDA:32,1,0,1
BRDA:32,1,1,1
BRDA:38,2,0,0
BRDA:38,2,1,1
BRDA:45,3,0,1
BRDA:45,3,1,2
BRDA:54,4,0,1
BRDA:54,4,1,1
BRDA:68,5,0,0
BRDA:68,5,1,1
BRDA:68,6,0,1
BRDA:68,6,1,1
BRDA:68,6,2,1
BRF:15
BRH:12
end_of_record
TN:
SF:src\services\tweet.service.ts
FN:8,(anonymous_8)
FN:45,(anonymous_10)
FN:89,(anonymous_12)
FN:89,(anonymous_13)
FN:103,(anonymous_14)
FN:103,(anonymous_15)
FN:123,(anonymous_16)
FN:123,(anonymous_17)
FN:132,(anonymous_18)
FN:175,(anonymous_19)
FN:175,(anonymous_20)
FN:188,(anonymous_21)
FNF:12
FNH:11
FNDA:1,(anonymous_8)
FNDA:2,(anonymous_10)
FNDA:1,(anonymous_12)
FNDA:1,(anonymous_13)
FNDA:2,(anonymous_14)
FNDA:2,(anonymous_15)
FNDA:1,(anonymous_16)
FNDA:1,(anonymous_17)
FNDA:2,(anonymous_18)
FNDA:1,(anonymous_19)
FNDA:1,(anonymous_20)
FNDA:0,(anonymous_21)
DA:2,1
DA:4,1
DA:6,1
DA:9,1
DA:42,1
DA:47,2
DA:48,1
DA:51,1
DA:82,1
DA:83,0
DA:86,1
DA:89,1
DA:91,1
DA:99,1
DA:103,2
DA:104,2
DA:108,2
DA:109,1
DA:112,1
DA:120,1
DA:123,1
DA:124,1
DA:132,2
DA:133,1
DA:135,1
DA:172,1
DA:175,1
DA:177,1
DA:185,1
DA:190,0
DA:192,0
DA:196,0
LF:32
LH:28
BRDA:47,0,0,1
BRDA:47,0,1,1
BRDA:47,1,0,2
BRDA:47,1,1,1
BRDA:47,1,2,1
BRDA:82,2,0,0
BRDA:82,2,1,1
BRDA:82,3,0,1
BRDA:82,3,1,1
BRDA:108,4,0,1
BRDA:108,4,1,1
BRF:11
BRH:10
end_of_record
TN:
SF:src\services\usuario.service.ts
FN:13,(anonymous_9)
FN:41,(anonymous_11)
FN:70,(anonymous_13)
FN:70,(anonymous_14)
FN:114,(anonymous_15)
FN:117,(anonymous_16)
FN:124,(anonymous_18)
FN:149,(anonymous_20)
FNF:8
FNH:8
FNDA:2,(anonymous_9)
FNDA:2,(anonymous_11)
FNDA:1,(anonymous_13)
FNDA:1,(anonymous_14)
FNDA:2,(anonymous_15)
FNDA:6,(anonymous_16)
FNDA:3,(anonymous_18)
FNDA:2,(anonymous_20)
DA:3,1
DA:4,1
DA:5,1
DA:6,1
DA:11,1
DA:14,2
DA:16,2
DA:22,2
DA:23,1
DA:26,1
DA:28,1
DA:37,1
DA:38,1
DA:42,2
DA:44,2
DA:50,2
DA:51,1
DA:54,1
DA:56,1
DA:57,0
DA:61,1
DA:66,1
DA:67,1
DA:70,1
DA:71,1
DA:114,2
DA:118,6
DA:119,6
DA:120,3
DA:121,3
DA:125,3
DA:127,3
DA:128,1
DA:131,2
DA:133,1
DA:135,1
DA:145,1
DA:146,1
DA:150,2
DA:152,1
DA:153,1
DA:154,1
LF:42
LH:41
BRDA:22,0,0,1
BRDA:22,0,1,1
BRDA:50,1,0,1
BRDA:50,1,1,1
BRDA:56,2,0,0
BRDA:56,2,1,1
BRDA:63,3,0,1
BRDA:63,3,1,1
BRDA:70,4,0,1
BRDA:72,5,0,0
BRDA:72,5,1,1
BRDA:119,6,0,3
BRDA:119,6,1,3
BRDA:127,7,0,1
BRDA:127,7,1,2
BRDA:127,8,0,3
BRDA:127,8,1,1
BRDA:127,8,2,1
BRDA:127,8,3,1
BRDA:133,9,0,1
BRDA:133,9,1,0
BRF:21
BRH:18
end_of_record
TN:
SF:src\utils\http.error.ts
FN:2,(anonymous_0)
FNF:1
FNH:1
FNDA:18,(anonymous_0)
DA:1,4
DA:2,18
DA:3,18
LF:3
LH:3
BRF:0
BRH:0
end_of_record
